<?xml version="1.0" encoding="UTF-8"?>
<testng-results ignored="0" total="3" passed="3" failed="0" skipped="0">
  <reporter-output>
  </reporter-output>
  <suite started-at="2019-07-02T13:20:04Z" name="Suite" finished-at="2019-07-02T13:21:27Z" duration-ms="83419">
    <groups>
    </groups>
    <test started-at="2019-07-02T13:20:04Z" name="Test" finished-at="2019-07-02T13:21:27Z" duration-ms="83419">
      <class name="QAClickAcademy.QAClickAcademyAutomation.registerPage_Test">
        <test-method signature="registerPage_Test()[pri:0, instance:QAClickAcademy.QAClickAcademyAutomation.registerPage_Test@2d2ffcb7]" started-at="2019-07-02T13:20:35Z" name="registerPage_Test" finished-at="2019-07-02T13:20:58Z" duration-ms="23122" status="PASS">
          <reporter-output>
          </reporter-output>
        </test-method> <!-- registerPage_Test -->
      </class> <!-- QAClickAcademy.QAClickAcademyAutomation.registerPage_Test -->
      <class name="QAClickAcademy.QAClickAcademyAutomation.loginPage_Test">
        <test-method signature="loginPage(java.lang.String, java.lang.String)[pri:0, instance:QAClickAcademy.QAClickAcademyAutomation.loginPage_Test@762ef0ea]" started-at="2019-07-02T13:20:58Z" name="loginPage" data-provider="getData" finished-at="2019-07-02T13:21:27Z" duration-ms="29088" status="PASS">
          <params>
            <param index="0">
              <value>
                <![CDATA[kranthi_j@yahoo.com]]>
              </value>
            </param>
            <param index="1">
              <value>
                <![CDATA[kranthi]]>
              </value>
            </param>
          </params>
          <reporter-output>
          </reporter-output>
        </test-method> <!-- loginPage -->
      </class> <!-- QAClickAcademy.QAClickAcademyAutomation.loginPage_Test -->
      <class name="QAClickAcademy.QAClickAcademyAutomation.landingHomePage_Test">
        <test-method is-config="true" signature="initialization()[pri:0, instance:QAClickAcademy.QAClickAcademyAutomation.landingHomePage_Test@291b4bf5]" started-at="2019-07-02T13:20:04Z" name="initialization" finished-at="2019-07-02T13:20:19Z" duration-ms="14685" status="PASS">
          <reporter-output>
          </reporter-output>
        </test-method> <!-- initialization -->
        <test-method is-config="true" signature="initialization()[pri:0, instance:QAClickAcademy.QAClickAcademyAutomation.registerPage_Test@2d2ffcb7]" started-at="2019-07-02T13:20:19Z" name="initialization" finished-at="2019-07-02T13:20:35Z" duration-ms="15989" status="PASS">
          <reporter-output>
          </reporter-output>
        </test-method> <!-- initialization -->
        <test-method signature="landingHomePage_Test()[pri:0, instance:QAClickAcademy.QAClickAcademyAutomation.landingHomePage_Test@291b4bf5]" started-at="2019-07-02T13:20:35Z" name="landingHomePage_Test" finished-at="2019-07-02T13:20:35Z" duration-ms="122" status="PASS">
          <reporter-output>
          </reporter-output>
        </test-method> <!-- landingHomePage_Test -->
        <test-method is-config="true" signature="teardown()[pri:0, instance:QAClickAcademy.QAClickAcademyAutomation.landingHomePage_Test@291b4bf5]" started-at="2019-07-02T13:21:27Z" name="teardown" finished-at="2019-07-02T13:21:27Z" duration-ms="351" status="PASS">
          <reporter-output>
          </reporter-output>
        </test-method> <!-- teardown -->
      </class> <!-- QAClickAcademy.QAClickAcademyAutomation.landingHomePage_Test -->
    </test> <!-- Test -->
  </suite> <!-- Suite -->
</testng-results>
