<?xml version="1.0" encoding="UTF-8"?>
<!-- Generated by org.testng.reporters.JUnitXMLReporter -->
<testsuite ignored="0" hostname="LAPTOP-I5Q7OOPQ" failures="0" tests="3" name="Test" time="83.419" errors="0" timestamp="02 Jul 2019 13:21:27 GMT">
  <testcase classname="QAClickAcademy.QAClickAcademyAutomation.landingHomePage_Test" name="landingHomePage_Test" time="0.122"/>
  <testcase classname="QAClickAcademy.QAClickAcademyAutomation.registerPage_Test" name="registerPage_Test" time="23.122"/>
  <testcase classname="QAClickAcademy.QAClickAcademyAutomation.loginPage_Test" name="loginPage" time="29.088"/>
</testsuite> <!-- Test -->
